This is pdfTeX, Version 3.14159265-2.6-1.40.19 (TeX Live 2018/W32TeX) (preloaded format=pdflatex 2019.3.18)  14 FEB 2022 14:33
entering extended mode
 restricted \write18 enabled.
 %&-line parsing enabled.
**"report_bayesian_ufficiale (1).tex"
(./report_bayesian_ufficiale (1).tex
LaTeX2e <2018-04-01> patch level 2
Babel <3.18> and hyphenation patterns for 84 language(s) loaded.
(c:/texlive/2018/texmf-dist/tex/latex/base/book.cls
Document Class: book 2014/09/29 v1.4h Standard LaTeX document class
(c:/texlive/2018/texmf-dist/tex/latex/base/bk11.clo
File: bk11.clo 2014/09/29 v1.4h Standard LaTeX file (size option)
)
\c@part=\count80
\c@chapter=\count81
\c@section=\count82
\c@subsection=\count83
\c@subsubsection=\count84
\c@paragraph=\count85
\c@subparagraph=\count86
\c@figure=\count87
\c@table=\count88
\abovecaptionskip=\skip41
\belowcaptionskip=\skip42
\bibindent=\dimen102
)
(c:/texlive/2018/texmf-dist/tex/latex/csquotes/csquotes.sty
Package: csquotes 2018/02/11 v5.2c context-sensitive quotations (JAW)

(c:/texlive/2018/texmf-dist/tex/latex/etoolbox/etoolbox.sty
Package: etoolbox 2018/02/11 v2.5e e-TeX tools for LaTeX (JAW)
\etb@tempcnta=\count89
)
(c:/texlive/2018/texmf-dist/tex/latex/graphics/keyval.sty
Package: keyval 2014/10/28 v1.15 key=value parser (DPC)
\KV@toks@=\toks14
)
\csq@reset=\count90
\csq@gtype=\count91
\csq@glevel=\count92
\csq@qlevel=\count93
\csq@maxlvl=\count94
\csq@tshold=\count95
\csq@ltx@everypar=\toks15

(c:/texlive/2018/texmf-dist/tex/latex/csquotes/csquotes.def
File: csquotes.def 2018/02/11 v5.2c csquotes generic definitions (JAW)
)
Package csquotes Info: Trying to load configuration file 'csquotes.cfg'...
Package csquotes Info: ... configuration file loaded successfully.

(c:/texlive/2018/texmf-dist/tex/latex/csquotes/csquotes.cfg
File: csquotes.cfg 
)
Package csquotes Info: Enabling multilingual quotes.
Package csquotes Info: Redefining alias 'italian' -> 'italian/guillemets'.
)
(c:/texlive/2018/texmf-dist/tex/latex/biblatex/biblatex.sty
Package: biblatex 2018/03/04 v3.11 programmable bibliographies (PK/MW)

(c:/texlive/2018/texmf-dist/tex/generic/oberdiek/pdftexcmds.sty
Package: pdftexcmds 2018/01/30 v0.27 Utility functions of pdfTeX for LuaTeX (HO
)

(c:/texlive/2018/texmf-dist/tex/generic/oberdiek/infwarerr.sty
Package: infwarerr 2016/05/16 v1.4 Providing info/warning/error messages (HO)
)
(c:/texlive/2018/texmf-dist/tex/generic/oberdiek/ifluatex.sty
Package: ifluatex 2016/05/16 v1.4 Provides the ifluatex switch (HO)
Package ifluatex Info: LuaTeX not detected.
)
(c:/texlive/2018/texmf-dist/tex/generic/oberdiek/ltxcmds.sty
Package: ltxcmds 2016/05/16 v1.23 LaTeX kernel commands for general use (HO)
)
(c:/texlive/2018/texmf-dist/tex/generic/oberdiek/ifpdf.sty
Package: ifpdf 2017/03/15 v3.2 Provides the ifpdf switch
)
Package pdftexcmds Info: LuaTeX not detected.
Package pdftexcmds Info: \pdf@primitive is available.
Package pdftexcmds Info: \pdf@ifprimitive is available.
Package pdftexcmds Info: \pdfdraftmode found.
)
(c:/texlive/2018/texmf-dist/tex/latex/oberdiek/kvoptions.sty
Package: kvoptions 2016/05/16 v3.12 Key value format for package options (HO)

(c:/texlive/2018/texmf-dist/tex/generic/oberdiek/kvsetkeys.sty
Package: kvsetkeys 2016/05/16 v1.17 Key value parser (HO)

(c:/texlive/2018/texmf-dist/tex/generic/oberdiek/etexcmds.sty
Package: etexcmds 2016/05/16 v1.6 Avoid name clashes with e-TeX commands (HO)
Package etexcmds Info: Could not find \expanded.
(etexcmds)             That can mean that you are not using pdfTeX 1.50 or
(etexcmds)             that some package has redefined \expanded.
(etexcmds)             In the latter case, load this package earlier.
)))
(c:/texlive/2018/texmf-dist/tex/latex/logreq/logreq.sty
Package: logreq 2010/08/04 v1.0 xml request logger
\lrq@indent=\count96

(c:/texlive/2018/texmf-dist/tex/latex/logreq/logreq.def
File: logreq.def 2010/08/04 v1.0 logreq spec v1.0
))
(c:/texlive/2018/texmf-dist/tex/latex/base/ifthen.sty
Package: ifthen 2014/09/29 v1.1c Standard LaTeX ifthen package (DPC)
)
(c:/texlive/2018/texmf-dist/tex/latex/url/url.sty
\Urlmuskip=\muskip10
Package: url 2013/09/16  ver 3.4  Verb mode for urls, etc.
)
(c:/texlive/2018/texmf-dist/tex/generic/xstring/xstring.sty
(c:/texlive/2018/texmf-dist/tex/generic/xstring/xstring.tex
\@xs@message=\write3
\integerpart=\count97
\decimalpart=\count98
)
Package: xstring 2013/10/13  v1.7c  String manipulations (C Tellechea)
)
\c@tabx@nest=\count99
\c@listtotal=\count100
\c@listcount=\count101
\c@liststart=\count102
\c@liststop=\count103
\c@citecount=\count104
\c@citetotal=\count105
\c@multicitecount=\count106
\c@multicitetotal=\count107
\c@instcount=\count108
\c@maxnames=\count109
\c@minnames=\count110
\c@maxitems=\count111
\c@minitems=\count112
\c@citecounter=\count113
\c@savedcitecounter=\count114
\c@uniquelist=\count115
\c@uniquename=\count116
\c@refsection=\count117
\c@refsegment=\count118
\c@maxextratitle=\count119
\c@maxextratitleyear=\count120
\c@maxextradate=\count121
\c@maxextraalpha=\count122
\c@abbrvpenalty=\count123
\c@highnamepenalty=\count124
\c@lownamepenalty=\count125
\c@maxparens=\count126
\c@parenlevel=\count127
\blx@tempcnta=\count128
\blx@tempcntb=\count129
\blx@tempcntc=\count130
\blx@maxsection=\count131
\blx@maxsegment@0=\count132
\blx@notetype=\count133
\blx@parenlevel@text=\count134
\blx@parenlevel@foot=\count135
\blx@sectionciteorder@0=\count136
\labelnumberwidth=\skip43
\labelalphawidth=\skip44
\biblabelsep=\skip45
\bibitemsep=\skip46
\bibnamesep=\skip47
\bibinitsep=\skip48
\bibparsep=\skip49
\bibhang=\skip50
\blx@bcfin=\read1
\blx@bcfout=\write4
\c@mincomprange=\count137
\c@maxcomprange=\count138
\c@mincompwidth=\count139
Package biblatex Info: Trying to load biblatex default data model...
Package biblatex Info: ... file 'blx-dm.def' found.

(c:/texlive/2018/texmf-dist/tex/latex/biblatex/blx-dm.def
File: blx-dm.def 2018/03/04 v3.11 biblatex localization (PK/MW)
)
Package biblatex Info: Trying to load biblatex custom data model...
Package biblatex Info: ... file 'biblatex-dm.cfg' not found.
\c@afterword=\count140
\c@savedafterword=\count141
\c@annotator=\count142
\c@savedannotator=\count143
\c@author=\count144
\c@savedauthor=\count145
\c@bookauthor=\count146
\c@savedbookauthor=\count147
\c@commentator=\count148
\c@savedcommentator=\count149
\c@editor=\count150
\c@savededitor=\count151
\c@editora=\count152
\c@savededitora=\count153
\c@editorb=\count154
\c@savededitorb=\count155
\c@editorc=\count156
\c@savededitorc=\count157
\c@foreword=\count158
\c@savedforeword=\count159
\c@holder=\count160
\c@savedholder=\count161
\c@introduction=\count162
\c@savedintroduction=\count163
\c@namea=\count164
\c@savednamea=\count165
\c@nameb=\count166
\c@savednameb=\count167
\c@namec=\count168
\c@savednamec=\count169
\c@translator=\count170
\c@savedtranslator=\count171
\c@shortauthor=\count172
\c@savedshortauthor=\count173
\c@shorteditor=\count174
\c@savedshorteditor=\count175
\c@labelname=\count176
\c@savedlabelname=\count177
\c@institution=\count178
\c@savedinstitution=\count179
\c@lista=\count180
\c@savedlista=\count181
\c@listb=\count182
\c@savedlistb=\count183
\c@listc=\count184
\c@savedlistc=\count185
\c@listd=\count186
\c@savedlistd=\count187
\c@liste=\count188
\c@savedliste=\count189
\c@listf=\count190
\c@savedlistf=\count191
\c@location=\count192
\c@savedlocation=\count193
\c@organization=\count194
\c@savedorganization=\count195
\c@origlocation=\count196
\c@savedoriglocation=\count197
\c@origpublisher=\count198
\c@savedorigpublisher=\count199
\c@publisher=\count266
\c@savedpublisher=\count267
\c@language=\count268
\c@savedlanguage=\count269
\c@origlanguage=\count270
\c@savedoriglanguage=\count271
\c@pageref=\count272
\c@savedpageref=\count273
\shorthandwidth=\skip51
\shortjournalwidth=\skip52
\shortserieswidth=\skip53
\shorttitlewidth=\skip54
\shortauthorwidth=\skip55
\shorteditorwidth=\skip56
\locallabelnumberwidth=\skip57
\locallabelalphawidth=\skip58
\localshorthandwidth=\skip59
\localshortjournalwidth=\skip60
\localshortserieswidth=\skip61
\localshorttitlewidth=\skip62
\localshortauthorwidth=\skip63
\localshorteditorwidth=\skip64
Package biblatex Info: Trying to load compatibility code...
Package biblatex Info: ... file 'blx-compat.def' found.

(c:/texlive/2018/texmf-dist/tex/latex/biblatex/blx-compat.def
File: blx-compat.def 2018/03/04 v3.11 biblatex compatibility (PK/MW)
)
Package biblatex Info: Trying to load generic definitions...
Package biblatex Info: ... file 'biblatex.def' found.

(c:/texlive/2018/texmf-dist/tex/latex/biblatex/biblatex.def
File: biblatex.def 2018/03/04 v3.11 biblatex compatibility (PK/MW)
\c@textcitecount=\count274
\c@textcitetotal=\count275
\c@textcitemaxnames=\count276
\c@biburlnumpenalty=\count277
\c@biburlucpenalty=\count278
\c@biburllcpenalty=\count279
\c@smartand=\count280
)
Package biblatex Info: Trying to load bibliography style 'numeric'...
Package biblatex Info: ... file 'numeric.bbx' found.

(c:/texlive/2018/texmf-dist/tex/latex/biblatex/bbx/numeric.bbx
File: numeric.bbx 2018/03/04 v3.11 biblatex bibliography style (PK/MW)
Package biblatex Info: Trying to load bibliography style 'standard'...
Package biblatex Info: ... file 'standard.bbx' found.

(c:/texlive/2018/texmf-dist/tex/latex/biblatex/bbx/standard.bbx
File: standard.bbx 2018/03/04 v3.11 biblatex bibliography style (PK/MW)
\c@bbx:relatedcount=\count281
\c@bbx:relatedtotal=\count282
))
Package biblatex Info: Trying to load citation style 'numeric'...
Package biblatex Info: ... file 'numeric.cbx' found.

(c:/texlive/2018/texmf-dist/tex/latex/biblatex/cbx/numeric.cbx
File: numeric.cbx 2018/03/04 v3.11 biblatex citation style (PK/MW)
Package biblatex Info: Redefining '\cite'.
Package biblatex Info: Redefining '\parencite'.
Package biblatex Info: Redefining '\footcite'.
Package biblatex Info: Redefining '\footcitetext'.
Package biblatex Info: Redefining '\smartcite'.
Package biblatex Info: Redefining '\supercite'.
Package biblatex Info: Redefining '\textcite'.
Package biblatex Info: Redefining '\textcites'.
Package biblatex Info: Redefining '\cites'.
Package biblatex Info: Redefining '\parencites'.
Package biblatex Info: Redefining '\smartcites'.
)
Package biblatex Info: Trying to load configuration file...
Package biblatex Info: ... file 'biblatex.cfg' found.

(c:/texlive/2018/texmf-dist/tex/latex/biblatex/biblatex.cfg
File: biblatex.cfg 
))
(c:/texlive/2018/texmf-dist/tex/latex/blindtext/blindtext.sty
Package: blindtext 2012/01/06 V2.0 blindtext-Package

(c:/texlive/2018/texmf-dist/tex/latex/tools/xspace.sty
Package: xspace 2014/10/28 v1.13 Space after command names (DPC,MH)
)
\c@blindtext=\count283
\c@Blindtext=\count284
\c@blind@countparstart=\count285
\blind@countxx=\count286
\blindtext@numBlindtext=\count287
\blind@countyy=\count288
\c@blindlist=\count289
\c@blindlistlevel=\count290
\c@blindlist@level=\count291
\blind@listitem=\count292
\c@blind@listcount=\count293
\c@blind@levelcount=\count294
\blind@mathformula=\count295
\blind@Mathformula=\count296
\c@blind@randomcount=\count297
\c@blind@randommax=\count298
\c@blind@pangramcount=\count299
\c@blind@pangrammax=\count300
)
(c:/texlive/2018/texmf-dist/tex/latex/psnfss/mathpazo.sty
Package: mathpazo 2005/04/12 PSNFSS-v9.2a Palatino w/ Pazo Math (D.Puga, WaS) 
\symupright=\mathgroup4
)
(c:/texlive/2018/texmf-dist/tex/latex/base/fontenc.sty
Package: fontenc 2017/04/05 v2.0i Standard LaTeX package

(c:/texlive/2018/texmf-dist/tex/latex/base/t1enc.def
File: t1enc.def 2017/04/05 v2.0i Standard LaTeX file
LaTeX Font Info:    Redeclaring font encoding T1 on input line 48.
))
(c:/texlive/2018/texmf-dist/tex/latex/microtype/microtype.sty
Package: microtype 2018/01/14 v2.7a Micro-typographical refinements (RS)
\MT@toks=\toks16
\MT@count=\count301
LaTeX Info: Redefining \textls on input line 793.
\MT@outer@kern=\dimen103
LaTeX Info: Redefining \textmicrotypecontext on input line 1339.
\MT@listname@count=\count302

(c:/texlive/2018/texmf-dist/tex/latex/microtype/microtype-pdftex.def
File: microtype-pdftex.def 2018/01/14 v2.7a Definitions specific to pdftex (RS)

LaTeX Info: Redefining \lsstyle on input line 913.
LaTeX Info: Redefining \lslig on input line 913.
\MT@outer@space=\skip65
)
Package microtype Info: Loading configuration file microtype.cfg.

(c:/texlive/2018/texmf-dist/tex/latex/microtype/microtype.cfg
File: microtype.cfg 2018/01/14 v2.7a microtype main configuration file (RS)
))
(c:/texlive/2018/texmf-dist/tex/generic/babel/babel.sty
Package: babel 2018/02/14 3.18 The Babel package

(c:/texlive/2018/texmf-dist/tex/generic/babel/switch.def
File: switch.def 2018/02/14 3.18 Babel switching mechanism
)
(c:/texlive/2018/texmf-dist/tex/generic/babel-english/english.ldf
Language: english 2017/06/06 v3.3r English support from the babel system

(c:/texlive/2018/texmf-dist/tex/generic/babel/babel.def
File: babel.def 2018/02/14 3.18 Babel common definitions
\babel@savecnt=\count303
\U@D=\dimen104

(c:/texlive/2018/texmf-dist/tex/generic/babel/txtbabel.def)
\bbl@dirlevel=\count304
)
\l@canadian = a dialect from \language\l@american 
\l@australian = a dialect from \language\l@british 
\l@newzealand = a dialect from \language\l@british 
))
(c:/texlive/2018/texmf-dist/tex/latex/geometry/geometry.sty
Package: geometry 2018/03/24 v5.7 Page Geometry

(c:/texlive/2018/texmf-dist/tex/generic/oberdiek/ifvtex.sty
Package: ifvtex 2016/05/16 v1.6 Detect VTeX and its facilities (HO)
Package ifvtex Info: VTeX not detected.
)
(c:/texlive/2018/texmf-dist/tex/generic/ifxetex/ifxetex.sty
Package: ifxetex 2010/09/12 v0.6 Provides ifxetex conditional
)
\Gm@cnth=\count305
\Gm@cntv=\count306
\c@Gm@tempcnt=\count307
\Gm@bindingoffset=\dimen105
\Gm@wd@mp=\dimen106
\Gm@odd@mp=\dimen107
\Gm@even@mp=\dimen108
\Gm@layoutwidth=\dimen109
\Gm@layoutheight=\dimen110
\Gm@layouthoffset=\dimen111
\Gm@layoutvoffset=\dimen112
\Gm@dimlist=\toks17
)
(c:/texlive/2018/texmf-dist/tex/latex/caption/caption.sty
Package: caption 2016/02/21 v3.3-144 Customizing captions (AR)

(c:/texlive/2018/texmf-dist/tex/latex/caption/caption3.sty
Package: caption3 2016/05/22 v1.7-166 caption3 kernel (AR)
Package caption3 Info: TeX engine: e-TeX on input line 67.
\captionmargin=\dimen113
\captionmargin@=\dimen114
\captionwidth=\dimen115
\caption@tempdima=\dimen116
\caption@indent=\dimen117
\caption@parindent=\dimen118
\caption@hangindent=\dimen119
)
\c@ContinuedFloat=\count308
)
(c:/texlive/2018/texmf-dist/tex/latex/booktabs/booktabs.sty
Package: booktabs 2016/04/27 v1.618033 publication quality tables
\heavyrulewidth=\dimen120
\lightrulewidth=\dimen121
\cmidrulewidth=\dimen122
\belowrulesep=\dimen123
\belowbottomsep=\dimen124
\aboverulesep=\dimen125
\abovetopsep=\dimen126
\cmidrulesep=\dimen127
\cmidrulekern=\dimen128
\defaultaddspace=\dimen129
\@cmidla=\count309
\@cmidlb=\count310
\@aboverulesep=\dimen130
\@belowrulesep=\dimen131
\@thisruleclass=\count311
\@lastruleclass=\count312
\@thisrulewidth=\dimen132
)
(c:/texlive/2018/texmf-dist/tex/latex/lettrine/lettrine.sty
File: lettrine.sty 2015/08/31 v1.9 (Daniel Flipo)
\c@DefaultLines=\count313
\c@DefaultDepth=\count314
\DefaultFindent=\dimen133
\DefaultNindent=\dimen134
\DefaultSlope=\dimen135
\DiscardVskip=\dimen136
\L@lbox=\box26
\L@tbox=\box27
\c@L@lines=\count315
\c@L@depth=\count316
\L@Pindent=\dimen137
\L@Findent=\dimen138
\L@Nindent=\dimen139
\L@lraise=\dimen140
\L@first=\dimen141
\L@next=\dimen142
\L@slope=\dimen143
\L@height=\dimen144
\L@novskip=\dimen145
\LettrineWidth=\dimen146
\LettrineHeight=\dimen147
\LettrineDepth=\dimen148

Loading lettrine.cfg
(c:/texlive/2018/texmf-dist/tex/latex/lettrine/lettrine.cfg))
(c:/texlive/2018/texmf-dist/tex/latex/enumitem/enumitem.sty
Package: enumitem 2011/09/28 v3.5.2 Customized lists
\labelindent=\skip66
\enit@outerparindent=\dimen149
\enit@toks=\toks18
\enit@inbox=\box28
\enitdp@description=\count317
)
(c:/texlive/2018/texmf-dist/tex/latex/abstract/abstract.sty
Package: abstract 2009/06/08 v1.2a configurable abstracts
\abstitleskip=\skip67
\absleftindent=\skip68
\absrightindent=\skip69
\absparindent=\skip70
\absparsep=\skip71


! LaTeX Error: Environment abstract undefined.

See the LaTeX manual or LaTeX Companion for explanation.
Type  H <return>  for immediate help.
 ...                                              
                                                  
l.104   \renewenvironment{abstract}
                                   {%
Try typing  <return>  to proceed.
If that doesn't work, type  X <return>  to quit.

) (c:/texlive/2018/texmf-dist/tex/latex/titlesec/titlesec.sty
Package: titlesec 2016/03/21 v2.10.2 Sectioning titles
\ttl@box=\box29
\beforetitleunit=\skip72
\aftertitleunit=\skip73
\ttl@plus=\dimen150
\ttl@minus=\dimen151
\ttl@toksa=\toks19
\titlewidth=\dimen152
\titlewidthlast=\dimen153
\titlewidthfirst=\dimen154
)
(c:/texlive/2018/texmf-dist/tex/latex/titlesec/block.tss
File: block.tss 2016/03/15
)
(c:/texlive/2018/texmf-dist/tex/latex/fancyhdr/fancyhdr.sty
Package: fancyhdr 2017/06/30 v3.9a Extensive control of page headers and footer
s
\f@nch@headwidth=\skip74
\f@nch@O@elh=\skip75
\f@nch@O@erh=\skip76
\f@nch@O@olh=\skip77
\f@nch@O@orh=\skip78
\f@nch@O@elf=\skip79
\f@nch@O@erf=\skip80
\f@nch@O@olf=\skip81
\f@nch@O@orf=\skip82
)

Package Fancyhdr Warning: \fancyfoot's `E' option without twoside option is use
less on input line 47.

(c:/texlive/2018/texmf-dist/tex/latex/titling/titling.sty
Package: titling 2009/09/04 v2.1d maketitle typesetting
\thanksmarkwidth=\skip83
\thanksmargin=\skip84
\droptitle=\skip85
)
(c:/texlive/2018/texmf-dist/tex/latex/hyperref/hyperref.sty
Package: hyperref 2018/02/06 v6.86b Hypertext links for LaTeX

(c:/texlive/2018/texmf-dist/tex/generic/oberdiek/hobsub-hyperref.sty
Package: hobsub-hyperref 2016/05/16 v1.14 Bundle oberdiek, subset hyperref (HO)


(c:/texlive/2018/texmf-dist/tex/generic/oberdiek/hobsub-generic.sty
Package: hobsub-generic 2016/05/16 v1.14 Bundle oberdiek, subset generic (HO)
Package: hobsub 2016/05/16 v1.14 Construct package bundles (HO)
Package hobsub Info: Skipping package `infwarerr' (already loaded).
Package hobsub Info: Skipping package `ltxcmds' (already loaded).
Package hobsub Info: Skipping package `ifluatex' (already loaded).
Package hobsub Info: Skipping package `ifvtex' (already loaded).
Package: intcalc 2016/05/16 v1.2 Expandable calculations with integers (HO)
Package hobsub Info: Skipping package `ifpdf' (already loaded).
Package hobsub Info: Skipping package `etexcmds' (already loaded).
Package hobsub Info: Skipping package `kvsetkeys' (already loaded).
Package: kvdefinekeys 2016/05/16 v1.4 Define keys (HO)
Package hobsub Info: Skipping package `pdftexcmds' (already loaded).
Package: pdfescape 2016/05/16 v1.14 Implements pdfTeX's escape features (HO)
Package: bigintcalc 2016/05/16 v1.4 Expandable calculations on big integers (HO
)
Package: bitset 2016/05/16 v1.2 Handle bit-vector datatype (HO)
Package: uniquecounter 2016/05/16 v1.3 Provide unlimited unique counter (HO)
)
Package hobsub Info: Skipping package `hobsub' (already loaded).
Package: letltxmacro 2016/05/16 v1.5 Let assignment for LaTeX macros (HO)
Package: hopatch 2016/05/16 v1.3 Wrapper for package hooks (HO)
Package: xcolor-patch 2016/05/16 xcolor patch
Package: atveryend 2016/05/16 v1.9 Hooks at the very end of document (HO)
Package: atbegshi 2016/06/09 v1.18 At begin shipout hook (HO)
Package: refcount 2016/05/16 v3.5 Data extraction from label references (HO)
Package: hycolor 2016/05/16 v1.8 Color options for hyperref/bookmark (HO)
)
(c:/texlive/2018/texmf-dist/tex/latex/oberdiek/auxhook.sty
Package: auxhook 2016/05/16 v1.4 Hooks for auxiliary files (HO)
)
\@linkdim=\dimen155
\Hy@linkcounter=\count318
\Hy@pagecounter=\count319

(c:/texlive/2018/texmf-dist/tex/latex/hyperref/pd1enc.def
File: pd1enc.def 2018/02/06 v6.86b Hyperref: PDFDocEncoding definition (HO)
Now handling font encoding PD1 ...
... no UTF-8 mapping file for font encoding PD1
)
\Hy@SavedSpaceFactor=\count320

(c:/texlive/2018/texmf-dist/tex/latex/latexconfig/hyperref.cfg
File: hyperref.cfg 2002/06/06 v1.2 hyperref configuration of TeXLive
)
Package hyperref Info: Hyper figures OFF on input line 4509.
Package hyperref Info: Link nesting OFF on input line 4514.
Package hyperref Info: Hyper index ON on input line 4517.
Package hyperref Info: Plain pages OFF on input line 4524.
Package hyperref Info: Backreferencing OFF on input line 4529.
Package hyperref Info: Implicit mode ON; LaTeX internals redefined.
Package hyperref Info: Bookmarks ON on input line 4762.
\c@Hy@tempcnt=\count321
LaTeX Info: Redefining \url on input line 5115.
\XeTeXLinkMargin=\dimen156
\Fld@menulength=\count322
\Field@Width=\dimen157
\Fld@charsize=\dimen158
Package hyperref Info: Hyper figures OFF on input line 6369.
Package hyperref Info: Link nesting OFF on input line 6374.
Package hyperref Info: Hyper index ON on input line 6377.
Package hyperref Info: backreferencing OFF on input line 6384.
Package hyperref Info: Link coloring OFF on input line 6389.
Package hyperref Info: Link coloring with OCG OFF on input line 6394.
Package hyperref Info: PDF/A mode OFF on input line 6399.
LaTeX Info: Redefining \ref on input line 6439.
LaTeX Info: Redefining \pageref on input line 6443.
\Hy@abspage=\count323
\c@Item=\count324
\c@Hfootnote=\count325
)
Package hyperref Info: Driver (autodetected): hpdftex.

(c:/texlive/2018/texmf-dist/tex/latex/hyperref/hpdftex.def
File: hpdftex.def 2018/02/06 v6.86b Hyperref driver for pdfTeX
\Fld@listcount=\count326
\c@bookmark@seq@number=\count327

(c:/texlive/2018/texmf-dist/tex/latex/oberdiek/rerunfilecheck.sty
Package: rerunfilecheck 2016/05/16 v1.8 Rerun checks for auxiliary files (HO)
Package uniquecounter Info: New unique counter `rerunfilecheck' on input line 2
82.
)
\Hy@SectionHShift=\skip86
)
(c:/texlive/2018/texmf-dist/tex/latex/graphics/graphicx.sty
Package: graphicx 2017/06/01 v1.1a Enhanced LaTeX Graphics (DPC,SPQR)

(c:/texlive/2018/texmf-dist/tex/latex/graphics/graphics.sty
Package: graphics 2017/06/25 v1.2c Standard LaTeX Graphics (DPC,SPQR)

(c:/texlive/2018/texmf-dist/tex/latex/graphics/trig.sty
Package: trig 2016/01/03 v1.10 sin cos tan (DPC)
)
(c:/texlive/2018/texmf-dist/tex/latex/graphics-cfg/graphics.cfg
File: graphics.cfg 2016/06/04 v1.11 sample graphics configuration
)
Package graphics Info: Driver file: pdftex.def on input line 99.

(c:/texlive/2018/texmf-dist/tex/latex/graphics-def/pdftex.def
File: pdftex.def 2018/01/08 v1.0l Graphics/color driver for pdftex
))
\Gin@req@height=\dimen159
\Gin@req@width=\dimen160
)
(c:/texlive/2018/texmf-dist/tex/latex/amsmath/amsmath.sty
Package: amsmath 2017/09/02 v2.17a AMS math features
\@mathmargin=\skip87

For additional information on amsmath, use the `?' option.
(c:/texlive/2018/texmf-dist/tex/latex/amsmath/amstext.sty
Package: amstext 2000/06/29 v2.01 AMS text

(c:/texlive/2018/texmf-dist/tex/latex/amsmath/amsgen.sty
File: amsgen.sty 1999/11/30 v2.0 generic functions
\@emptytoks=\toks20
\ex@=\dimen161
))
(c:/texlive/2018/texmf-dist/tex/latex/amsmath/amsbsy.sty
Package: amsbsy 1999/11/29 v1.2d Bold Symbols
\pmbraise@=\dimen162
)
(c:/texlive/2018/texmf-dist/tex/latex/amsmath/amsopn.sty
Package: amsopn 2016/03/08 v2.02 operator names
)
\inf@bad=\count328
LaTeX Info: Redefining \frac on input line 213.
\uproot@=\count329
\leftroot@=\count330
LaTeX Info: Redefining \overline on input line 375.
\classnum@=\count331
\DOTSCASE@=\count332
LaTeX Info: Redefining \ldots on input line 472.
LaTeX Info: Redefining \dots on input line 475.
LaTeX Info: Redefining \cdots on input line 596.
\Mathstrutbox@=\box30
\strutbox@=\box31
\big@size=\dimen163
LaTeX Font Info:    Redeclaring font encoding OML on input line 712.
LaTeX Font Info:    Redeclaring font encoding OMS on input line 713.
\macc@depth=\count333
\c@MaxMatrixCols=\count334
\dotsspace@=\muskip11
\c@parentequation=\count335
\dspbrk@lvl=\count336
\tag@help=\toks21
\row@=\count337
\column@=\count338
\maxfields@=\count339
\andhelp@=\toks22
\eqnshift@=\dimen164
\alignsep@=\dimen165
\tagshift@=\dimen166
\tagwidth@=\dimen167
\totwidth@=\dimen168
\lineht@=\dimen169
\@envbody=\toks23
\multlinegap=\skip88
\multlinetaggap=\skip89
\mathdisplay@stack=\toks24
LaTeX Info: Redefining \[ on input line 2817.
LaTeX Info: Redefining \] on input line 2818.
)
Package csquotes Info: Checking for multilingual support...
Package csquotes Info: ... found 'babel' package.
Package biblatex Info: Trying to load language 'english'...
Package biblatex Info: ... file 'english.lbx' found.

(c:/texlive/2018/texmf-dist/tex/latex/biblatex/lbx/english.lbx
File: english.lbx 2018/03/04 v3.11 biblatex localization (PK/MW)
)
(./report_bayesian_ufficiale (1).aux

LaTeX Warning: Label `abch18' multiply defined.

! Undefined control sequence.
l.97 \abx@aux@read@bbl@mdfivesum
                                {D41D8CD98F00B204E9800998ECF8427E}
The control sequence at the end of the top line
of your error message was never \def'ed. If you have
misspelled it (e.g., `\hobx'), type `I' and the correct
spelling (e.g., `I\hbox'). Otherwise just continue,
and I'll forget about whatever was undefined.


! LaTeX Error: Missing \begin{document}.

See the LaTeX manual or LaTeX Companion for explanation.
Type  H <return>  for immediate help.
 ...                                              
                                                  
l.97 \abx@aux@read@bbl@mdfivesum{D
                                  41D8CD98F00B204E9800998ECF8427E}
You're in trouble here.  Try typing  <return>  to proceed.
If that doesn't work, type  X <return>  to quit.

! Undefined control sequence.
l.98 \abx@aux@read@bblrerun
                           
The control sequence at the end of the top line
of your error message was never \def'ed. If you have
misspelled it (e.g., `\hobx'), type `I' and the correct
spelling (e.g., `I\hbox'). Otherwise just continue,
and I'll forget about whatever was undefined.

)
\openout1 = `"report_bayesian_ufficiale (1).aux"'.

LaTeX Font Info:    Checking defaults for OML/cmm/m/it on input line 84.
LaTeX Font Info:    ... okay on input line 84.
LaTeX Font Info:    Checking defaults for T1/cmr/m/n on input line 84.
LaTeX Font Info:    ... okay on input line 84.
LaTeX Font Info:    Checking defaults for OT1/cmr/m/n on input line 84.
LaTeX Font Info:    ... okay on input line 84.
LaTeX Font Info:    Checking defaults for OMS/cmsy/m/n on input line 84.
LaTeX Font Info:    ... okay on input line 84.
LaTeX Font Info:    Checking defaults for OMX/cmex/m/n on input line 84.
LaTeX Font Info:    ... okay on input line 84.
LaTeX Font Info:    Checking defaults for U/cmr/m/n on input line 84.
LaTeX Font Info:    ... okay on input line 84.
LaTeX Font Info:    Checking defaults for PD1/pdf/m/n on input line 84.
LaTeX Font Info:    ... okay on input line 84.
LaTeX Font Info:    Try loading font information for T1+pplx on input line 84.
 (c:/texlive/2018/texmf-dist/tex/latex/psnfss/t1pplx.fd
File: t1pplx.fd 2004/09/06 font definitions for T1/pplx.
)
Package biblatex Info: Input encoding 'utf8' detected.
Package biblatex Info: Automatic encoding selection.
(biblatex)             Assuming data encoding 'utf8'.
\openout4 = `"report_bayesian_ufficiale (1).bcf"'.

Package biblatex Info: Trying to load bibliographic data...
Package biblatex Info: ... file '"report_bayesian_ufficiale (1)".bbl' found.

(./report_bayesian_ufficiale (1).bbl)
Package biblatex Info: Reference section=0 on input line 84.
Package biblatex Info: Reference segment=0 on input line 84.
LaTeX Info: Redefining \microtypecontext on input line 84.
Package microtype Info: Generating PDF output.
Package microtype Info: Character protrusion enabled (level 2).
Package microtype Info: Using default protrusion set `alltext'.
Package microtype Info: Automatic font expansion enabled (level 2),
(microtype)             stretch: 20, shrink: 20, step: 1, non-selected.
Package microtype Info: Using default expansion set `basictext'.
Package microtype Info: No adjustment of tracking.
Package microtype Info: No adjustment of interword spacing.
Package microtype Info: No adjustment of character kerning.

(c:/texlive/2018/texmf-dist/tex/latex/microtype/mt-ppl.cfg
File: mt-ppl.cfg 2005/11/16 v1.6 microtype config. file: Palatino (RS)
)
*geometry* driver: auto-detecting
*geometry* detected driver: pdftex
*geometry* verbose mode - [ preamble ] result:
* driver: pdftex
* paper: a4paper
* layout: <same size as paper>
* layoutoffset:(h,v)=(0.0pt,0.0pt)
* hratio: 1:1
* modes: 
* h-part:(L,W,R)=(89.62709pt, 418.25368pt, 89.6271pt)
* v-part:(T,H,B)=(91.04881pt, 652.59138pt, 101.40665pt)
* \paperwidth=597.50787pt
* \paperheight=845.04684pt
* \textwidth=418.25368pt
* \textheight=652.59138pt
* \oddsidemargin=17.3571pt
* \evensidemargin=17.3571pt
* \topmargin=-13.09497pt
* \headheight=12.0pt
* \headsep=19.8738pt
* \topskip=11.0pt
* \footskip=27.46295pt
* \marginparwidth=53.0pt
* \marginparsep=7.0pt
* \columnsep=20.0pt
* \skip\footins=10.0pt plus 4.0pt minus 2.0pt
* \hoffset=0.0pt
* \voffset=0.0pt
* \mag=1000
* \@twocolumnfalse
* \@twosidefalse
* \@mparswitchfalse
* \@reversemarginfalse
* (1in=72.27pt=25.4mm, 1cm=28.453pt)

Package caption Info: Begin \AtBeginDocument code.
Package caption Info: hyperref package is loaded.
Package caption Info: End \AtBeginDocument code.
\AtBeginShipoutBox=\box32
Package hyperref Info: Link coloring OFF on input line 84.
(c:/texlive/2018/texmf-dist/tex/latex/hyperref/nameref.sty
Package: nameref 2016/05/21 v2.44 Cross-referencing by name of section

(c:/texlive/2018/texmf-dist/tex/generic/oberdiek/gettitlestring.sty
Package: gettitlestring 2016/05/16 v1.5 Cleanup title references (HO)
)
\c@section@level=\count340
)
LaTeX Info: Redefining \ref on input line 84.
LaTeX Info: Redefining \pageref on input line 84.
LaTeX Info: Redefining \nameref on input line 84.

(./report_bayesian_ufficiale (1).out) (./report_bayesian_ufficiale (1).out)
\@outlinefile=\write5
\openout5 = `"report_bayesian_ufficiale (1).out"'.


(c:/texlive/2018/texmf-dist/tex/context/base/mkii/supp-pdf.mkii
[Loading MPS to PDF converter (version 2006.09.02).]
\scratchcounter=\count341
\scratchdimen=\dimen170
\scratchbox=\box33
\nofMPsegments=\count342
\nofMParguments=\count343
\everyMPshowfont=\toks25
\MPscratchCnt=\count344
\MPscratchDim=\dimen171
\MPnumerator=\count345
\makeMPintoPDFobject=\count346
\everyMPtoPDFconversion=\toks26
) (c:/texlive/2018/texmf-dist/tex/latex/oberdiek/epstopdf-base.sty
Package: epstopdf-base 2016/05/15 v2.6 Base part for package epstopdf

(c:/texlive/2018/texmf-dist/tex/latex/oberdiek/grfext.sty
Package: grfext 2016/05/16 v1.2 Manage graphics extensions (HO)
)
Package epstopdf-base Info: Redefining graphics rule for `.eps' on input line 4
38.
Package grfext Info: Graphics extension search list:
(grfext)             [.pdf,.png,.jpg,.mps,.jpeg,.jbig2,.jb2,.PDF,.PNG,.JPG,.JPE
G,.JBIG2,.JB2,.eps]
(grfext)             \AppendGraphicsExtensions on input line 456.

(c:/texlive/2018/texmf-dist/tex/latex/latexconfig/epstopdf-sys.cfg
File: epstopdf-sys.cfg 2010/07/13 v1.3 Configuration of (r)epstopdf for TeX Liv
e
))
LaTeX Font Info:    Try loading font information for OT1+pplx on input line 88.


(c:/texlive/2018/texmf-dist/tex/latex/psnfss/ot1pplx.fd
File: ot1pplx.fd 2004/09/06 font definitions for OT1/pplx.
)
LaTeX Font Info:    Try loading font information for OML+zplm on input line 88.


(c:/texlive/2018/texmf-dist/tex/latex/psnfss/omlzplm.fd
File: omlzplm.fd 2002/09/08 Fontinst v1.914 font definitions for OML/zplm.
)
LaTeX Font Info:    Try loading font information for OMS+zplm on input line 88.


(c:/texlive/2018/texmf-dist/tex/latex/psnfss/omszplm.fd
File: omszplm.fd 2002/09/08 Fontinst v1.914 font definitions for OMS/zplm.
)
LaTeX Font Info:    Try loading font information for OMX+zplm on input line 88.


(c:/texlive/2018/texmf-dist/tex/latex/psnfss/omxzplm.fd
File: omxzplm.fd 2002/09/08 Fontinst v1.914 font definitions for OMX/zplm.
)
LaTeX Font Info:    Try loading font information for OT1+zplm on input line 88.


(c:/texlive/2018/texmf-dist/tex/latex/psnfss/ot1zplm.fd
File: ot1zplm.fd 2002/09/08 Fontinst v1.914 font definitions for OT1/zplm.
)
Package microtype Info: Loading generic protrusion settings for font family
(microtype)             `zplm' (encoding: OT1).
(microtype)             For optimal results, create family-specific settings.
(microtype)             See the microtype manual for details.


Package Fancyhdr Warning: \headheight is too small (12.0pt): 
 Make it at least 13.59999pt.
 We now make it that large for the rest of the document.
 This may cause the page layout to be inconsistent, however.

[1{c:/texlive/2018/texmf-var/fonts/map/pdftex/updmap/pdftex.map}

]
LaTeX Font Info:    Font shape `T1/pplx/bx/n' in size <20.74> not available
(Font)              Font shape `T1/pplx/b/n' tried instead on input line 88.
Package microtype Info: Character `029' is missing
(microtype)             in font `T1/pplx/m/sc/12'.
(microtype)             Ignoring protrusion settings for this character.
pdfTeX warning (ext4): destination with the same identifier (name{page.1}) has 
been already used, duplicate ignored
<to be read again> 
                   \relax 
l.88 
      [1

]
LaTeX Font Info:    Font shape `T1/pplx/bx/n' in size <10.95> not available
(Font)              Font shape `T1/pplx/b/n' tried instead on input line 88.
pdfTeX warning (ext4): destination with the same identifier (name{page.1}) has 
been already used, duplicate ignored
<to be read again> 
                   \relax 
l.88 
      [1

]pdfTeX warning (ext4): destination with the same identifier (name{page.1}) has
 been already used, duplicate ignored
<to be read again> 
                   \relax 
l.88 
      [1]
Package microtype Info: Character `029' is missing
(microtype)             in font `T1/pplx/m/sc/10.95'.
(microtype)             Ignoring protrusion settings for this character.


LaTeX Warning: Citation 'glynn2014exact' on page 1 undefined on input line 110.


LaTeX Font Info:    Try loading font information for U+fplmbb on input line 117
.
(c:/texlive/2018/texmf-dist/tex/latex/psnfss/ufplmbb.fd
File: ufplmbb.fd 2003/10/30 Fontinst v1.914 font definitions for U/fplmbb.
)pdfTeX warning (ext4): destination with the same identifier (name{page.1}) has
 been already used, duplicate ignored
<to be read again> 
                   \relax 
l.154 $$
         [1]
Overfull \hbox (1.08028pt too wide) in paragraph at lines 160--161
[]\T1/pplx/m/n/10.95 (-20) Time-averaged es-ti-ma-tor can be con-sid-ered as a 
spe-cial case of Rhee--Glynn es-ti-ma-tor,
 []

[2] [3]
LaTeX Font Info:    Try loading font information for OMS+pplx on input line 304
.
LaTeX Font Info:    No file OMSpplx.fd. on input line 304.


LaTeX Font Warning: Font shape `OMS/pplx/m/n' undefined
(Font)              using `OMS/cmsy/m/n' instead
(Font)              for symbol `textbullet' on input line 304.

[4]

LaTeX Warning: Command \textgreater invalid in math mode on input line 306.


LaTeX Warning: File `immagini_abc/h0.2' not found on input line 364.


! LaTeX Error: Unknown graphics extension: .2.

See the LaTeX manual or LaTeX Companion for explanation.
Type  H <return>  for immediate help.
 ...                                              
                                                  
l.364 ...hics[width=\textwidth]{immagini_abc/h0.2}
                                                  	
Try typing  <return>  to proceed.
If that doesn't work, type  X <return>  to quit.

LaTeX Font Info:    Font shape `T1/pplx/bx/n' in size <10> not available
(Font)              Font shape `T1/pplx/b/n' tried instead on input line 365.

LaTeX Warning: `!h' float specifier changed to `!ht'.


LaTeX Warning: File `immagini_abc/sample0.2' not found on input line 370.


! LaTeX Error: Unknown graphics extension: .2.

See the LaTeX manual or LaTeX Companion for explanation.
Type  H <return>  for immediate help.
 ...                                              
                                                  
l.370 ...width=\textwidth]{immagini_abc/sample0.2}
                                                  	
Try typing  <return>  to proceed.
If that doesn't work, type  X <return>  to quit.


LaTeX Warning: `!h' float specifier changed to `!ht'.

[5]

LaTeX Warning: File `immagini_abc/h1.8' not found on input line 384.


! LaTeX Error: Unknown graphics extension: .8.

See the LaTeX manual or LaTeX Companion for explanation.
Type  H <return>  for immediate help.
 ...                                              
                                                  
l.384 ...hics[width=\textwidth]{immagini_abc/h1.8}
                                                  	
Try typing  <return>  to proceed.
If that doesn't work, type  X <return>  to quit.


LaTeX Warning: File `immagini_abc/sample1.8' not found on input line 390.


! LaTeX Error: Unknown graphics extension: .8.

See the LaTeX manual or LaTeX Companion for explanation.
Type  H <return>  for immediate help.
 ...                                              
                                                  
l.390 ...width=\textwidth]{immagini_abc/sample1.8}
                                                  	
Try typing  <return>  to proceed.
If that doesn't work, type  X <return>  to quit.


LaTeX Warning: File `immagini_abc/S10.5' not found on input line 404.


! LaTeX Error: Unknown graphics extension: .5.

See the LaTeX manual or LaTeX Companion for explanation.
Type  H <return>  for immediate help.
 ...                                              
                                                  
l.404 ...ics[width=\textwidth]{immagini_abc/S10.5}
                                                  	
Try typing  <return>  to proceed.
If that doesn't work, type  X <return>  to quit.


LaTeX Warning: File `immagini_abc/sampleS10.5' not found on input line 410.


! LaTeX Error: Unknown graphics extension: .5.

See the LaTeX manual or LaTeX Companion for explanation.
Type  H <return>  for immediate help.
 ...                                              
                                                  
l.410 ...dth=\textwidth]{immagini_abc/sampleS10.5}
                                                  	
Try typing  <return>  to proceed.
If that doesn't work, type  X <return>  to quit.


LaTeX Warning: File `immagini_abc/S11.8' not found on input line 420.


! LaTeX Error: Unknown graphics extension: .8.

See the LaTeX manual or LaTeX Companion for explanation.
Type  H <return>  for immediate help.
 ...                                              
                                                  
l.420 ...ics[width=\textwidth]{immagini_abc/S11.8}
                                                  	
Try typing  <return>  to proceed.
If that doesn't work, type  X <return>  to quit.


LaTeX Warning: File `immagini_abc/sampleS11.8' not found on input line 426.


! LaTeX Error: Unknown graphics extension: .8.

See the LaTeX manual or LaTeX Companion for explanation.
Type  H <return>  for immediate help.
 ...                                              
                                                  
l.426 ...dth=\textwidth]{immagini_abc/sampleS11.8}
                                                  	
Try typing  <return>  to proceed.
If that doesn't work, type  X <return>  to quit.

[6]
<immagini_coupling/2_catene_coupling.png, id=174, 719.68875pt x 251.94125pt>
File: immagini_coupling/2_catene_coupling.png Graphic file (type png)
<use immagini_coupling/2_catene_coupling.png>
Package pdftex.def Info: immagini_coupling/2_catene_coupling.png  used on input
 line 492.
(pdftex.def)             Requested size: 418.25368pt x 146.42203pt.


LaTeX Warning: `!h' float specifier changed to `!ht'.

<immagini_coupling/traceplot_coupling.png, id=176, 719.68875pt x 251.94125pt>
File: immagini_coupling/traceplot_coupling.png Graphic file (type png)
<use immagini_coupling/traceplot_coupling.png>
Package pdftex.def Info: immagini_coupling/traceplot_coupling.png  used on inpu
t line 499.
(pdftex.def)             Requested size: 418.25368pt x 146.42203pt.

LaTeX Warning: `!h' float specifier changed to `!ht'.

<immagini_coupling/hist_coupling.png, id=177, 712.6625pt x 251.94125pt>
File: immagini_coupling/hist_coupling.png Graphic file (type png)
<use immagini_coupling/hist_coupling.png>
Package pdftex.def Info: immagini_coupling/hist_coupling.png  used on input lin
e 506.
(pdftex.def)             Requested size: 418.25368pt x 147.8598pt.

LaTeX Warning: `!h' float specifier changed to `!ht'.

[7] [8 <./immagini_coupling/2_catene_coupling.png> <./immagini_coupling/tracepl
ot_coupling.png> <./immagini_coupling/hist_coupling.png>]
<immagini_coupling_multivariate/coupling_mult_chain_meeeting_1.png, id=201, 867
.24pt x 289.08pt>
File: immagini_coupling_multivariate/coupling_mult_chain_meeeting_1.png Graphic
 file (type png)
<use immagini_coupling_multivariate/coupling_mult_chain_meeeting_1.png>
Package pdftex.def Info: immagini_coupling_multivariate/coupling_mult_chain_mee
eting_1.png  used on input line 567.
(pdftex.def)             Requested size: 418.25368pt x 139.41846pt.
<immagini_coupling_multivariate/coupling_mult_chain_meeeting_2.png, id=202, 867
.24pt x 289.08pt>
File: immagini_coupling_multivariate/coupling_mult_chain_meeeting_2.png Graphic
 file (type png)
<use immagini_coupling_multivariate/coupling_mult_chain_meeeting_2.png>
Package pdftex.def Info: immagini_coupling_multivariate/coupling_mult_chain_mee
eting_2.png  used on input line 573.
(pdftex.def)             Requested size: 418.25368pt x 139.41846pt.
<immagini_coupling_multivariate/coupling_mult_sampling_1.png, id=203, 867.24pt 
x 289.08pt>
File: immagini_coupling_multivariate/coupling_mult_sampling_1.png Graphic file 
(type png)
<use immagini_coupling_multivariate/coupling_mult_sampling_1.png>
Package pdftex.def Info: immagini_coupling_multivariate/coupling_mult_sampling_
1.png  used on input line 581.
(pdftex.def)             Requested size: 418.25368pt x 139.41846pt.


LaTeX Warning: `!h' float specifier changed to `!ht'.

<immagini_coupling_multivariate/coupling_mult_sampling_2.png, id=204, 867.24pt 
x 289.08pt>
File: immagini_coupling_multivariate/coupling_mult_sampling_2.png Graphic file 
(type png)
<use immagini_coupling_multivariate/coupling_mult_sampling_2.png>
Package pdftex.def Info: immagini_coupling_multivariate/coupling_mult_sampling_
2.png  used on input line 586.
(pdftex.def)             Requested size: 418.25368pt x 139.41846pt.

LaTeX Warning: `!h' float specifier changed to `!ht'.

<immagini_coupling_multivariate/coupling_mult_histogram_1.png, id=205, 867.24pt
 x 289.08pt>
File: immagini_coupling_multivariate/coupling_mult_histogram_1.png Graphic file
 (type png)
<use immagini_coupling_multivariate/coupling_mult_histogram_1.png>
Package pdftex.def Info: immagini_coupling_multivariate/coupling_mult_histogram
_1.png  used on input line 594.
(pdftex.def)             Requested size: 418.25368pt x 139.41846pt.

LaTeX Warning: `!h' float specifier changed to `!ht'.

<immagini_coupling_multivariate/coupling_mult_histogram_2.png, id=206, 867.24pt
 x 289.08pt>
File: immagini_coupling_multivariate/coupling_mult_histogram_2.png Graphic file
 (type png)
<use immagini_coupling_multivariate/coupling_mult_histogram_2.png>
Package pdftex.def Info: immagini_coupling_multivariate/coupling_mult_histogram
_2.png  used on input line 599.
(pdftex.def)             Requested size: 418.25368pt x 139.41846pt.

LaTeX Warning: `!h' float specifier changed to `!ht'.

[9 <./immagini_coupling_multivariate/coupling_mult_chain_meeeting_1.png> <./imm
agini_coupling_multivariate/coupling_mult_chain_meeeting_2.png>] [10 <./immagin
i_coupling_multivariate/coupling_mult_sampling_1.png> <./immagini_coupling_mult
ivariate/coupling_mult_sampling_2.png> <./immagini_coupling_multivariate/coupli
ng_mult_histogram_1.png>] [11 <./immagini_coupling_multivariate/coupling_mult_h
istogram_2.png>]
Overfull \hbox (12.60512pt too wide) in paragraph at lines 607--608
\T1/pplx/m/n/10 (-20) In or-der to achieve par-al-leliza-tion, our choice is to
 use Python's stan-dard pack-age for par-al-leliza-tion,
 []


Overfull \hbox (2.2441pt too wide) in paragraph at lines 607--608
\T1/pplx/m/n/10 (-20) called mul-ti-pro-cess-ing (https://docs.python.org/3/lib
rary/multiprocessing.html). The Python's
 []

[12

]
Overfull \hbox (2.16862pt too wide) in paragraph at lines 620--622
\T1/pplx/m/n/10 (-20) We im-ple-mented an MCMC al-go-rithm us-ing Ap-prox-i-mat
e Bayesian Com-pu-ta-tion to ap-prox-i-mate
 []

[13

]
<abc_coupling/2catabccoupling.png, id=250, 1168.365pt x 579.16376pt>
File: abc_coupling/2catabccoupling.png Graphic file (type png)
<use abc_coupling/2catabccoupling.png>
Package pdftex.def Info: abc_coupling/2catabccoupling.png  used on input line 7
16.
(pdftex.def)             Requested size: 418.25368pt x 207.33226pt.
<abc_coupling/histabccoupling.png, id=251, 712.6625pt x 251.94125pt>
File: abc_coupling/histabccoupling.png Graphic file (type png)
<use abc_coupling/histabccoupling.png>
Package pdftex.def Info: abc_coupling/histabccoupling.png  used on input line 7
25.
(pdftex.def)             Requested size: 418.25368pt x 147.8598pt.


LaTeX Warning: `!h' float specifier changed to `!ht'.

[14 <./abc_coupling/2catabccoupling.png>]
<immagini_abc_coupling_multivariate/coupling_abc_mult_chain_meeeting_1.png, id=
261, 867.24pt x 289.08pt>
File: immagini_abc_coupling_multivariate/coupling_abc_mult_chain_meeeting_1.png
 Graphic file (type png)
<use immagini_abc_coupling_multivariate/coupling_abc_mult_chain_meeeting_1.png>

Package pdftex.def Info: immagini_abc_coupling_multivariate/coupling_abc_mult_c
hain_meeeting_1.png  used on input line 778.
(pdftex.def)             Requested size: 418.25368pt x 139.41846pt.
<immagini_abc_coupling_multivariate/coupling_abc_mult_chain_meeeting_2.png, id=
262, 867.24pt x 289.08pt>
File: immagini_abc_coupling_multivariate/coupling_abc_mult_chain_meeeting_2.png
 Graphic file (type png)
<use immagini_abc_coupling_multivariate/coupling_abc_mult_chain_meeeting_2.png>

Package pdftex.def Info: immagini_abc_coupling_multivariate/coupling_abc_mult_c
hain_meeeting_2.png  used on input line 783.
(pdftex.def)             Requested size: 418.25368pt x 139.41846pt.


LaTeX Warning: `!h' float specifier changed to `!ht'.

<immagini_abc_coupling_multivariate/coupling_abc_mult_sampling_1.png, id=263, 8
67.24pt x 289.08pt>
File: immagini_abc_coupling_multivariate/coupling_abc_mult_sampling_1.png Graph
ic file (type png)
<use immagini_abc_coupling_multivariate/coupling_abc_mult_sampling_1.png>
Package pdftex.def Info: immagini_abc_coupling_multivariate/coupling_abc_mult_s
ampling_1.png  used on input line 789.
(pdftex.def)             Requested size: 418.25368pt x 139.41846pt.

LaTeX Warning: `!h' float specifier changed to `!ht'.

<immagini_abc_coupling_multivariate/coupling_abc_mult_sampling_2.png, id=264, 8
67.24pt x 289.08pt>
File: immagini_abc_coupling_multivariate/coupling_abc_mult_sampling_2.png Graph
ic file (type png)
<use immagini_abc_coupling_multivariate/coupling_abc_mult_sampling_2.png>
Package pdftex.def Info: immagini_abc_coupling_multivariate/coupling_abc_mult_s
ampling_2.png  used on input line 794.
(pdftex.def)             Requested size: 418.25368pt x 139.41846pt.

LaTeX Warning: `!h' float specifier changed to `!ht'.

<immagini_abc_coupling_multivariate/coupling_abc_mult_histogram_1.png, id=265, 
867.24pt x 289.08pt>
File: immagini_abc_coupling_multivariate/coupling_abc_mult_histogram_1.png Grap
hic file (type png)
<use immagini_abc_coupling_multivariate/coupling_abc_mult_histogram_1.png>
Package pdftex.def Info: immagini_abc_coupling_multivariate/coupling_abc_mult_h
istogram_1.png  used on input line 800.
(pdftex.def)             Requested size: 418.25368pt x 139.41846pt.

LaTeX Warning: `!h' float specifier changed to `!ht'.

<immagini_abc_coupling_multivariate/coupling_abc_mult_histogram_2.png, id=266, 
867.24pt x 289.08pt>
File: immagini_abc_coupling_multivariate/coupling_abc_mult_histogram_2.png Grap
hic file (type png)
<use immagini_abc_coupling_multivariate/coupling_abc_mult_histogram_2.png>
Package pdftex.def Info: immagini_abc_coupling_multivariate/coupling_abc_mult_h
istogram_2.png  used on input line 805.
(pdftex.def)             Requested size: 418.25368pt x 139.41846pt.

LaTeX Warning: `!h' float specifier changed to `!ht'.

[15 <./abc_coupling/histabccoupling.png> <./immagini_abc_coupling_multivariate/
coupling_abc_mult_chain_meeeting_1.png>] [16 <./immagini_abc_coupling_multivari
ate/coupling_abc_mult_chain_meeeting_2.png> <./immagini_abc_coupling_multivaria
te/coupling_abc_mult_sampling_1.png> <./immagini_abc_coupling_multivariate/coup
ling_abc_mult_sampling_2.png>]
Missing character: There is no n in font fplmbb!
<doublecoupling_pack/doublecoupling_mu_chain_meeting.png, id=287, 867.24pt x 28
9.08pt>
File: doublecoupling_pack/doublecoupling_mu_chain_meeting.png Graphic file (typ
e png)
<use doublecoupling_pack/doublecoupling_mu_chain_meeting.png>
Package pdftex.def Info: doublecoupling_pack/doublecoupling_mu_chain_meeting.pn
g  used on input line 869.
(pdftex.def)             Requested size: 418.25368pt x 139.41846pt.


LaTeX Warning: `!h' float specifier changed to `!ht'.

<doublecoupling_pack/doublecoupling_sampling_mu.png, id=288, 867.24pt x 289.08p
t>
File: doublecoupling_pack/doublecoupling_sampling_mu.png Graphic file (type png
)
<use doublecoupling_pack/doublecoupling_sampling_mu.png>
Package pdftex.def Info: doublecoupling_pack/doublecoupling_sampling_mu.png  us
ed on input line 878.
(pdftex.def)             Requested size: 418.25368pt x 139.41846pt.

LaTeX Warning: `!h' float specifier changed to `!ht'.

<doublecoupling_pack/doublecoupling_mu_histogram_kernel.png, id=289, 867.24pt x
 289.08pt>
File: doublecoupling_pack/doublecoupling_mu_histogram_kernel.png Graphic file (
type png)
<use doublecoupling_pack/doublecoupling_mu_histogram_kernel.png>
Package pdftex.def Info: doublecoupling_pack/doublecoupling_mu_histogram_kernel
.png  used on input line 888.
(pdftex.def)             Requested size: 418.25368pt x 139.41846pt.

LaTeX Warning: `!h' float specifier changed to `!ht'.

<doublecoupling_pack/doublecoupling_sigma_chain_meeting.png, id=290, 867.24pt x
 289.08pt>
File: doublecoupling_pack/doublecoupling_sigma_chain_meeting.png Graphic file (
type png)
<use doublecoupling_pack/doublecoupling_sigma_chain_meeting.png>
Package pdftex.def Info: doublecoupling_pack/doublecoupling_sigma_chain_meeting
.png  used on input line 900.
(pdftex.def)             Requested size: 418.25368pt x 139.41846pt.

LaTeX Warning: `!h' float specifier changed to `!ht'.

<doublecoupling_pack/doublecoupling_sampling_sigma.png, id=291, 867.24pt x 289.
08pt>
File: doublecoupling_pack/doublecoupling_sampling_sigma.png Graphic file (type 
png)
<use doublecoupling_pack/doublecoupling_sampling_sigma.png>
Package pdftex.def Info: doublecoupling_pack/doublecoupling_sampling_sigma.png 
 used on input line 909.
(pdftex.def)             Requested size: 418.25368pt x 139.41846pt.

LaTeX Warning: `!h' float specifier changed to `!ht'.

<doublecoupling_pack/doublecoupling_sigma_histogram_kernel.png, id=292, 867.24p
t x 289.08pt>
File: doublecoupling_pack/doublecoupling_sigma_histogram_kernel.png Graphic fil
e (type png)
<use doublecoupling_pack/doublecoupling_sigma_histogram_kernel.png>
Package pdftex.def Info: doublecoupling_pack/doublecoupling_sigma_histogram_ker
nel.png  used on input line 919.
(pdftex.def)             Requested size: 418.25368pt x 139.41846pt.

LaTeX Warning: `!h' float specifier changed to `!ht'.

[17 <./immagini_abc_coupling_multivariate/coupling_abc_mult_histogram_1.png> <.
/immagini_abc_coupling_multivariate/coupling_abc_mult_histogram_2.png>]
[18 <./doublecoupling_pack/doublecoupling_mu_chain_meeting.png> <./doublecoupli
ng_pack/doublecoupling_sampling_mu.png> <./doublecoupling_pack/doublecoupling_m
u_histogram_kernel.png>] [19 <./doublecoupling_pack/doublecoupling_sigma_chain_
meeting.png> <./doublecoupling_pack/doublecoupling_sampling_sigma.png> <./doubl
ecoupling_pack/doublecoupling_sigma_histogram_kernel.png>]
Overfull \hbox (16.63542pt too wide) in paragraph at lines 1088--1089
[]\T1/pplx/m/n/10 (-20) Generate a sam-ple of 1000 ob-ser-va-tions such that $\
OML/zplm/m/it/10 y[] \OMS/zplm/m/n/10 ^^X \OML/zplm/m/it/10 quantilefunction\OT
1/zplm/m/n/10 (\OML/zplm/m/it/10 z[]\OT1/zplm/m/n/10 (\OML/zplm/m/it/10 r\OT1/z
plm/m/n/10 )\OT1/pplx/m/n/10 (-20) , \OML/zplm/m/it/10 ^^R[]\OT1/zplm/m/n/10 )$
 
 []

[20] [21]

LaTeX Warning: Empty bibliography on input line 1138.

Package atveryend Info: Empty hook `BeforeClearDocument' on input line 1151.
Package atveryend Info: Empty hook `AfterLastShipout' on input line 1151.
(./report_bayesian_ufficiale (1).aux)
Package atveryend Info: Executing hook `AtVeryEndDocument' on input line 1151.
Package atveryend Info: Executing hook `AtEndAfterFileList' on input line 1151.



Package rerunfilecheck Warning: File `"report_bayesian_ufficiale (1)".out' has 
changed.
(rerunfilecheck)                Rerun to get outlines right
(rerunfilecheck)                or use package `bookmark'.

Package rerunfilecheck Info: Checksums for `"report_bayesian_ufficiale (1)".out
':
(rerunfilecheck)             Before: B05F2176EFB315B73B00037DE76F803A;4312
(rerunfilecheck)             After:  AAC442AAB6A090E15109D0CD04FF1186;817.

LaTeX Font Warning: Some font shapes were not available, defaults substituted.


LaTeX Warning: There were undefined references.


LaTeX Warning: There were multiply-defined labels.


Package biblatex Warning: Please (re)run Biber on the file:
(biblatex)                "report_bayesian_ufficiale (1)"
(biblatex)                and rerun LaTeX afterwards.

Package logreq Info: Writing requests to '"report_bayesian_ufficiale (1)".run.x
ml'.
\openout1 = `"report_bayesian_ufficiale (1).run.xml"'.

 ) 
Here is how much of TeX's memory you used:
 18318 strings out of 492649
 304950 string characters out of 6133384
 791591 words of memory out of 5000000
 21427 multiletter control sequences out of 15000+600000
 92192 words of font info for 367 fonts, out of 8000000 for 9000
 1141 hyphenation exceptions out of 8191
 43i,13n,43p,856b,1639s stack positions out of 5000i,500n,10000p,200000b,80000s
pdfTeX warning (dest): name{figure.caption.13} has been referenced but does n
ot exist, replaced by a fixed one

pdfTeX warning (dest): name{subsubsection.4.1.1} has been referenced but does n
ot exist, replaced by a fixed one

pdfTeX warning (dest): name{subsection.4.1} has been referenced but does not ex
ist, replaced by a fixed one

pdfTeX warning (dest): name{section.4} has been referenced but does not exist, 
replaced by a fixed one

pdfTeX warning (dest): name{subsubsection.3.4.3} has been referenced but does n
ot exist, replaced by a fixed one

pdfTeX warning (dest): name{subsubsection.3.4.2} has been referenced but does n
ot exist, replaced by a fixed one

pdfTeX warning (dest): name{subsubsection.3.4.1} has been referenced but does n
ot exist, replaced by a fixed one

pdfTeX warning (dest): name{subsection.3.4} has been referenced but does not ex
ist, replaced by a fixed one

pdfTeX warning (dest): name{subsubsection.3.3.3} has been referenced but does n
ot exist, replaced by a fixed one

pdfTeX warning (dest): name{subsubsection.3.3.2} has been referenced but does n
ot exist, replaced by a fixed one

pdfTeX warning (dest): name{subsubsection.3.3.1} has been referenced but does n
ot exist, replaced by a fixed one

pdfTeX warning (dest): name{subsection.3.3} has been referenced but does not ex
ist, replaced by a fixed one

pdfTeX warning (dest): name{subsection.3.2} has been referenced but does not ex
ist, replaced by a fixed one

pdfTeX warning (dest): name{subsubsection.3.1.1} has been referenced but does n
ot exist, replaced by a fixed one

pdfTeX warning (dest): name{subsection.3.1} has been referenced but does not ex
ist, replaced by a fixed one

pdfTeX warning (dest): name{section.3} has been referenced but does not exist, 
replaced by a fixed one

pdfTeX warning (dest): name{subsection.2.2} has been referenced but does not ex
ist, replaced by a fixed one

pdfTeX warning (dest): name{subsubsection.2.1.1} has been referenced but does n
ot exist, replaced by a fixed one

pdfTeX warning (dest): name{subsection.2.1} has been referenced but does not ex
ist, replaced by a fixed one

pdfTeX warning (dest): name{section.2} has been referenced but does not exist, 
replaced by a fixed one

pdfTeX warning (dest): name{section.1} has been referenced but does not exist, 
replaced by a fixed one

{c:/texlive/2018/texmf-dist/fonts/enc/dvips/base/8r.enc}{c:/texlive/2018/texmf-
dist/fonts/enc/dvips/cm-super/cm-super-t1.enc}<c:/texlive/2018/texmf-dist/fonts
/type1/public/amsfonts/cm/cmex10.pfb><c:/texlive/2018/texmf-dist/fonts/type1/pu
blic/amsfonts/cm/cmmi10.pfb><c:/texlive/2018/texmf-dist/fonts/type1/public/amsf
onts/cm/cmr10.pfb><c:/texlive/2018/texmf-dist/fonts/type1/public/amsfonts/cm/cm
sy10.pfb><c:/texlive/2018/texmf-dist/fonts/type1/public/mathpazo/fplmbb.pfb><c:
/texlive/2018/texmf-dist/fonts/type1/public/mathpazo/fplmbi.pfb><c:/texlive/201
8/texmf-dist/fonts/type1/public/mathpazo/fplmr.pfb><c:/texlive/2018/texmf-dist/
fonts/type1/public/mathpazo/fplmri.pfb><c:/texlive/2018/texmf-dist/fonts/type1/
public/fpl/fplrc8a.pfb><c:/texlive/2018/texmf-dist/fonts/type1/public/cm-super/
sfrm1095.pfb><c:/texlive/2018/texmf-dist/fonts/type1/urw/palatino/uplb8a.pfb><c
:/texlive/2018/texmf-dist/fonts/type1/urw/palatino/uplbi8a.pfb><c:/texlive/2018
/texmf-dist/fonts/type1/urw/palatino/uplr8a.pfb><c:/texlive/2018/texmf-dist/fon
ts/type1/urw/palatino/uplri8a.pfb>
Output written on "report_bayesian_ufficiale (1).pdf" (25 pages, 876340 bytes).

PDF statistics:
 412 PDF objects out of 1000 (max. 8388607)
 321 compressed objects within 4 object streams
 125 named destinations out of 1000 (max. 500000)
 59668 words of extra memory for PDF output out of 61914 (max. 10000000)

